[2025-02-28T00:00:02.820+0000] {local_task_job_runner.py:123} INFO - ::group::Pre task execution logs
[2025-02-28T00:00:02.831+0000] {taskinstance.py:2614} INFO - Dependencies all met for dep_context=non-requeueable deps ti=<TaskInstance: crypto.fetch scheduled__2025-02-27T00:00:00+00:00 [queued]>
[2025-02-28T00:00:02.836+0000] {taskinstance.py:2614} INFO - Dependencies all met for dep_context=requeueable deps ti=<TaskInstance: crypto.fetch scheduled__2025-02-27T00:00:00+00:00 [queued]>
[2025-02-28T00:00:02.836+0000] {taskinstance.py:2867} INFO - Starting attempt 1 of 1
[2025-02-28T00:00:02.844+0000] {taskinstance.py:2890} INFO - Executing <Task(PythonOperator): fetch> on 2025-02-27 00:00:00+00:00
[2025-02-28T00:00:02.849+0000] {standard_task_runner.py:72} INFO - Started process 3092404 to run task
[2025-02-28T00:00:02.850+0000] {standard_task_runner.py:104} INFO - Running: ['airflow', 'tasks', 'run', 'crypto', 'fetch', 'scheduled__2025-02-27T00:00:00+00:00', '--job-id', '96', '--raw', '--subdir', 'DAGS_FOLDER/crypto_dag.py', '--cfg-path', '/tmp/tmp6gspj1tc']
[2025-02-28T00:00:02.851+0000] {standard_task_runner.py:105} INFO - Job 96: Subtask fetch
[2025-02-28T00:00:02.877+0000] {task_command.py:467} INFO - Running <TaskInstance: crypto.fetch scheduled__2025-02-27T00:00:00+00:00 [running]> on host ali-ThinkBook-14-G2-ITL
[2025-02-28T00:00:02.940+0000] {taskinstance.py:3134} INFO - Exporting env vars: AIRFLOW_CTX_DAG_OWNER='ali rahiqi' AIRFLOW_CTX_DAG_ID='crypto' AIRFLOW_CTX_TASK_ID='fetch' AIRFLOW_CTX_EXECUTION_DATE='2025-02-27T00:00:00+00:00' AIRFLOW_CTX_TRY_NUMBER='1' AIRFLOW_CTX_DAG_RUN_ID='scheduled__2025-02-27T00:00:00+00:00'
[2025-02-28T00:00:02.941+0000] {taskinstance.py:732} INFO - ::endgroup::
[2025-02-28T00:00:05.175+0000] {history.py:247} ERROR - $BTC-USD: possibly delisted; no price data found  (period=1d)
[2025-02-28T00:00:05.391+0000] {history.py:247} ERROR - $ETH-USD: possibly delisted; no price data found  (period=1d)
[2025-02-28T00:00:05.555+0000] {history.py:247} ERROR - $LTC-USD: possibly delisted; no price data found  (period=1d)
[2025-02-28T00:00:05.676+0000] {history.py:247} ERROR - $XRP-USD: possibly delisted; no price data found  (period=1d)
[2025-02-28T00:00:05.789+0000] {history.py:247} ERROR - $BCH-USD: possibly delisted; no price data found  (period=1d)
[2025-02-28T00:00:05.900+0000] {history.py:247} ERROR - $ADA-USD: possibly delisted; no price data found  (period=1d)
[2025-02-28T00:00:06.010+0000] {history.py:247} ERROR - $SOL-USD: possibly delisted; no price data found  (period=1d)
[2025-02-28T00:00:06.111+0000] {history.py:247} ERROR - $DOT-USD: possibly delisted; no price data found  (period=1d)
[2025-02-28T00:00:06.218+0000] {history.py:247} ERROR - $DOGE-USD: possibly delisted; no price data found  (period=1d)
[2025-02-28T00:00:06.335+0000] {history.py:247} ERROR - $MATIC-USD: possibly delisted; no price data found  (period=1d)
[2025-02-28T00:00:06.442+0000] {history.py:247} ERROR - $AVAX-USD: possibly delisted; no price data found  (period=1d)
[2025-02-28T00:00:06.679+0000] {history.py:247} ERROR - $LINK-USD: possibly delisted; no price data found  (period=1d)
[2025-02-28T00:00:06.803+0000] {history.py:247} ERROR - $XLM-USD: possibly delisted; no price data found  (period=1d)
[2025-02-28T00:00:06.914+0000] {history.py:247} ERROR - $TRX-USD: possibly delisted; no price data found  (period=1d)
[2025-02-28T00:00:07.037+0000] {history.py:247} ERROR - $VET-USD: possibly delisted; no price data found  (period=1d)
[2025-02-28T00:00:07.143+0000] {history.py:247} ERROR - $ALGO-USD: possibly delisted; no price data found  (period=1d)
[2025-02-28T00:00:07.247+0000] {history.py:247} ERROR - $FIL-USD: possibly delisted; no price data found  (period=1d)
[2025-02-28T00:00:07.348+0000] {history.py:247} ERROR - $SHIB-USD: possibly delisted; no price data found  (period=1d)
[2025-02-28T00:00:07.453+0000] {history.py:247} ERROR - $CRO-USD: possibly delisted; no price data found  (period=1d)
[2025-02-28T00:00:07.558+0000] {history.py:247} ERROR - $MKR-USD: possibly delisted; no price data found  (period=1d)
[2025-02-28T00:00:07.661+0000] {history.py:247} ERROR - $AAVE-USD: possibly delisted; no price data found  (period=1d)
[2025-02-28T00:00:07.769+0000] {history.py:247} ERROR - $UNI-USD: possibly delisted; no price data found  (period=1d)
[2025-02-28T00:00:07.877+0000] {history.py:247} ERROR - $SAND-USD: possibly delisted; no price data found  (period=1d)
[2025-02-28T00:00:07.877+0000] {logging_mixin.py:190} INFO - something went wrong in fetching data
[2025-02-28T00:00:07.877+0000] {python.py:240} INFO - Done. Returned value was: None
[2025-02-28T00:00:07.881+0000] {taskinstance.py:341} INFO - ::group::Post task execution logs
[2025-02-28T00:00:07.881+0000] {taskinstance.py:353} INFO - Marking task as SUCCESS. dag_id=crypto, task_id=fetch, run_id=scheduled__2025-02-27T00:00:00+00:00, execution_date=20250227T000000, start_date=20250228T000002, end_date=20250228T000007
[2025-02-28T00:00:07.908+0000] {local_task_job_runner.py:266} INFO - Task exited with return code 0
[2025-02-28T00:00:07.923+0000] {taskinstance.py:3901} INFO - 0 downstream tasks scheduled from follow-on schedule check
[2025-02-28T00:00:07.924+0000] {local_task_job_runner.py:245} INFO - ::endgroup::
