[2025-02-27T00:28:50.614+0000] {local_task_job_runner.py:123} INFO - ::group::Pre task execution logs
[2025-02-27T00:28:50.637+0000] {taskinstance.py:2614} INFO - Dependencies all met for dep_context=non-requeueable deps ti=<TaskInstance: crypto.fetch scheduled__2025-02-26T00:00:00+00:00 [queued]>
[2025-02-27T00:28:50.649+0000] {taskinstance.py:2614} INFO - Dependencies all met for dep_context=requeueable deps ti=<TaskInstance: crypto.fetch scheduled__2025-02-26T00:00:00+00:00 [queued]>
[2025-02-27T00:28:50.650+0000] {taskinstance.py:2867} INFO - Starting attempt 1 of 2
[2025-02-27T00:28:50.668+0000] {taskinstance.py:2890} INFO - Executing <Task(PythonOperator): fetch> on 2025-02-26 00:00:00+00:00
[2025-02-27T00:28:50.675+0000] {standard_task_runner.py:72} INFO - Started process 3491416 to run task
[2025-02-27T00:28:50.680+0000] {standard_task_runner.py:104} INFO - Running: ['airflow', 'tasks', 'run', 'crypto', 'fetch', 'scheduled__2025-02-26T00:00:00+00:00', '--job-id', '39', '--raw', '--subdir', 'DAGS_FOLDER/crypto_dag.py', '--cfg-path', '/tmp/tmpr6mitwo4']
[2025-02-27T00:28:50.683+0000] {standard_task_runner.py:105} INFO - Job 39: Subtask fetch
[2025-02-27T00:28:50.743+0000] {task_command.py:467} INFO - Running <TaskInstance: crypto.fetch scheduled__2025-02-26T00:00:00+00:00 [running]> on host ali-ThinkBook-14-G2-ITL
[2025-02-27T00:28:51.056+0000] {taskinstance.py:3134} INFO - Exporting env vars: AIRFLOW_CTX_DAG_OWNER='ali rahiqi' AIRFLOW_CTX_DAG_ID='crypto' AIRFLOW_CTX_TASK_ID='fetch' AIRFLOW_CTX_EXECUTION_DATE='2025-02-26T00:00:00+00:00' AIRFLOW_CTX_TRY_NUMBER='1' AIRFLOW_CTX_DAG_RUN_ID='scheduled__2025-02-26T00:00:00+00:00'
[2025-02-27T00:28:51.057+0000] {taskinstance.py:732} INFO - ::endgroup::
[2025-02-27T00:28:54.311+0000] {history.py:247} ERROR - $FTM-USD: possibly delisted; no price data found  (period=1d)
[2025-02-27T00:28:54.549+0000] {history.py:247} ERROR - $LUNA-USD: possibly delisted; no price data found  (period=1d)
[2025-02-27T00:28:55.261+0000] {history.py:247} ERROR - $GRT-USD: possibly delisted; no price data found  (period=1d)
[2025-02-27T00:29:01.768+0000] {python.py:240} INFO - Done. Returned value was: None
[2025-02-27T00:29:01.776+0000] {taskinstance.py:341} INFO - ::group::Post task execution logs
[2025-02-27T00:29:01.776+0000] {taskinstance.py:353} INFO - Marking task as SUCCESS. dag_id=crypto, task_id=fetch, run_id=scheduled__2025-02-26T00:00:00+00:00, execution_date=20250226T000000, start_date=20250227T002850, end_date=20250227T002901
[2025-02-27T00:29:01.838+0000] {local_task_job_runner.py:266} INFO - Task exited with return code 0
[2025-02-27T00:29:01.994+0000] {taskinstance.py:3901} INFO - 1 downstream tasks scheduled from follow-on schedule check
[2025-02-27T00:29:02.006+0000] {local_task_job_runner.py:245} INFO - ::endgroup::
[2025-02-27T00:47:31.622+0000] {local_task_job_runner.py:123} INFO - ::group::Pre task execution logs
[2025-02-27T00:47:31.631+0000] {taskinstance.py:2614} INFO - Dependencies all met for dep_context=non-requeueable deps ti=<TaskInstance: crypto.fetch scheduled__2025-02-26T00:00:00+00:00 [queued]>
[2025-02-27T00:47:31.635+0000] {taskinstance.py:2614} INFO - Dependencies all met for dep_context=requeueable deps ti=<TaskInstance: crypto.fetch scheduled__2025-02-26T00:00:00+00:00 [queued]>
[2025-02-27T00:47:31.636+0000] {taskinstance.py:2867} INFO - Starting attempt 1 of 2
[2025-02-27T00:47:31.644+0000] {taskinstance.py:2890} INFO - Executing <Task(PythonOperator): fetch> on 2025-02-26 00:00:00+00:00
[2025-02-27T00:47:31.649+0000] {standard_task_runner.py:72} INFO - Started process 3573417 to run task
[2025-02-27T00:47:31.650+0000] {standard_task_runner.py:104} INFO - Running: ['airflow', 'tasks', 'run', 'crypto', 'fetch', 'scheduled__2025-02-26T00:00:00+00:00', '--job-id', '46', '--raw', '--subdir', 'DAGS_FOLDER/crypto_dag.py', '--cfg-path', '/tmp/tmpomu78lze']
[2025-02-27T00:47:31.652+0000] {standard_task_runner.py:105} INFO - Job 46: Subtask fetch
[2025-02-27T00:47:31.675+0000] {task_command.py:467} INFO - Running <TaskInstance: crypto.fetch scheduled__2025-02-26T00:00:00+00:00 [running]> on host ali-ThinkBook-14-G2-ITL
[2025-02-27T00:47:31.792+0000] {taskinstance.py:3134} INFO - Exporting env vars: AIRFLOW_CTX_DAG_OWNER='ali rahiqi' AIRFLOW_CTX_DAG_ID='crypto' AIRFLOW_CTX_TASK_ID='fetch' AIRFLOW_CTX_EXECUTION_DATE='2025-02-26T00:00:00+00:00' AIRFLOW_CTX_TRY_NUMBER='1' AIRFLOW_CTX_DAG_RUN_ID='scheduled__2025-02-26T00:00:00+00:00'
[2025-02-27T00:47:31.793+0000] {taskinstance.py:732} INFO - ::endgroup::
[2025-02-27T00:47:36.833+0000] {history.py:247} ERROR - $FTM-USD: possibly delisted; no price data found  (period=1d)
[2025-02-27T00:47:37.289+0000] {history.py:247} ERROR - $LUNA-USD: possibly delisted; no price data found  (period=1d)
[2025-02-27T00:47:38.922+0000] {history.py:247} ERROR - $GRT-USD: possibly delisted; no price data found  (period=1d)
[2025-02-27T00:47:41.900+0000] {python.py:240} INFO - Done. Returned value was: None
[2025-02-27T00:47:41.907+0000] {taskinstance.py:341} INFO - ::group::Post task execution logs
[2025-02-27T00:47:41.908+0000] {taskinstance.py:353} INFO - Marking task as SUCCESS. dag_id=crypto, task_id=fetch, run_id=scheduled__2025-02-26T00:00:00+00:00, execution_date=20250226T000000, start_date=20250227T004731, end_date=20250227T004741
[2025-02-27T00:47:41.953+0000] {local_task_job_runner.py:266} INFO - Task exited with return code 0
[2025-02-27T00:47:42.036+0000] {taskinstance.py:3901} INFO - 1 downstream tasks scheduled from follow-on schedule check
[2025-02-27T00:47:42.051+0000] {local_task_job_runner.py:245} INFO - ::endgroup::
[2025-02-27T01:01:51.778+0000] {local_task_job_runner.py:123} INFO - ::group::Pre task execution logs
[2025-02-27T01:01:51.786+0000] {taskinstance.py:2614} INFO - Dependencies all met for dep_context=non-requeueable deps ti=<TaskInstance: crypto.fetch scheduled__2025-02-26T00:00:00+00:00 [queued]>
[2025-02-27T01:01:51.790+0000] {taskinstance.py:2614} INFO - Dependencies all met for dep_context=requeueable deps ti=<TaskInstance: crypto.fetch scheduled__2025-02-26T00:00:00+00:00 [queued]>
[2025-02-27T01:01:51.790+0000] {taskinstance.py:2867} INFO - Starting attempt 1 of 2
[2025-02-27T01:01:51.799+0000] {taskinstance.py:2890} INFO - Executing <Task(PythonOperator): fetch> on 2025-02-26 00:00:00+00:00
[2025-02-27T01:01:51.802+0000] {standard_task_runner.py:72} INFO - Started process 3640165 to run task
[2025-02-27T01:01:51.803+0000] {standard_task_runner.py:104} INFO - Running: ['airflow', 'tasks', 'run', 'crypto', 'fetch', 'scheduled__2025-02-26T00:00:00+00:00', '--job-id', '51', '--raw', '--subdir', 'DAGS_FOLDER/crypto_dag.py', '--cfg-path', '/tmp/tmpx48zw903']
[2025-02-27T01:01:51.804+0000] {standard_task_runner.py:105} INFO - Job 51: Subtask fetch
[2025-02-27T01:01:51.827+0000] {task_command.py:467} INFO - Running <TaskInstance: crypto.fetch scheduled__2025-02-26T00:00:00+00:00 [running]> on host ali-ThinkBook-14-G2-ITL
[2025-02-27T01:01:51.955+0000] {taskinstance.py:3134} INFO - Exporting env vars: AIRFLOW_CTX_DAG_OWNER='ali rahiqi' AIRFLOW_CTX_DAG_ID='crypto' AIRFLOW_CTX_TASK_ID='fetch' AIRFLOW_CTX_EXECUTION_DATE='2025-02-26T00:00:00+00:00' AIRFLOW_CTX_TRY_NUMBER='1' AIRFLOW_CTX_DAG_RUN_ID='scheduled__2025-02-26T00:00:00+00:00'
[2025-02-27T01:01:51.956+0000] {taskinstance.py:732} INFO - ::endgroup::
[2025-02-27T01:01:56.998+0000] {history.py:247} ERROR - $FTM-USD: possibly delisted; no price data found  (period=1d)
[2025-02-27T01:01:57.408+0000] {history.py:247} ERROR - $LUNA-USD: possibly delisted; no price data found  (period=1d)
[2025-02-27T01:01:58.433+0000] {history.py:247} ERROR - $GRT-USD: possibly delisted; no price data found  (period=1d)
[2025-02-27T01:02:01.162+0000] {python.py:240} INFO - Done. Returned value was: None
[2025-02-27T01:02:01.166+0000] {taskinstance.py:341} INFO - ::group::Post task execution logs
[2025-02-27T01:02:01.166+0000] {taskinstance.py:353} INFO - Marking task as SUCCESS. dag_id=crypto, task_id=fetch, run_id=scheduled__2025-02-26T00:00:00+00:00, execution_date=20250226T000000, start_date=20250227T010151, end_date=20250227T010201
[2025-02-27T01:02:01.234+0000] {local_task_job_runner.py:266} INFO - Task exited with return code 0
[2025-02-27T01:02:01.317+0000] {taskinstance.py:3901} INFO - 1 downstream tasks scheduled from follow-on schedule check
[2025-02-27T01:02:01.333+0000] {local_task_job_runner.py:245} INFO - ::endgroup::
[2025-02-27T01:03:10.459+0000] {local_task_job_runner.py:123} INFO - ::group::Pre task execution logs
[2025-02-27T01:03:10.467+0000] {taskinstance.py:2614} INFO - Dependencies all met for dep_context=non-requeueable deps ti=<TaskInstance: crypto.fetch scheduled__2025-02-26T00:00:00+00:00 [queued]>
[2025-02-27T01:03:10.472+0000] {taskinstance.py:2614} INFO - Dependencies all met for dep_context=requeueable deps ti=<TaskInstance: crypto.fetch scheduled__2025-02-26T00:00:00+00:00 [queued]>
[2025-02-27T01:03:10.472+0000] {taskinstance.py:2867} INFO - Starting attempt 1 of 2
[2025-02-27T01:03:10.480+0000] {taskinstance.py:2890} INFO - Executing <Task(PythonOperator): fetch> on 2025-02-26 00:00:00+00:00
[2025-02-27T01:03:10.484+0000] {standard_task_runner.py:72} INFO - Started process 3647971 to run task
[2025-02-27T01:03:10.486+0000] {standard_task_runner.py:104} INFO - Running: ['airflow', 'tasks', 'run', 'crypto', 'fetch', 'scheduled__2025-02-26T00:00:00+00:00', '--job-id', '55', '--raw', '--subdir', 'DAGS_FOLDER/crypto_dag.py', '--cfg-path', '/tmp/tmpqmrky7qc']
[2025-02-27T01:03:10.487+0000] {standard_task_runner.py:105} INFO - Job 55: Subtask fetch
[2025-02-27T01:03:10.508+0000] {task_command.py:467} INFO - Running <TaskInstance: crypto.fetch scheduled__2025-02-26T00:00:00+00:00 [running]> on host ali-ThinkBook-14-G2-ITL
[2025-02-27T01:03:10.627+0000] {taskinstance.py:3134} INFO - Exporting env vars: AIRFLOW_CTX_DAG_OWNER='ali rahiqi' AIRFLOW_CTX_DAG_ID='crypto' AIRFLOW_CTX_TASK_ID='fetch' AIRFLOW_CTX_EXECUTION_DATE='2025-02-26T00:00:00+00:00' AIRFLOW_CTX_TRY_NUMBER='1' AIRFLOW_CTX_DAG_RUN_ID='scheduled__2025-02-26T00:00:00+00:00'
[2025-02-27T01:03:10.627+0000] {taskinstance.py:732} INFO - ::endgroup::
[2025-02-27T01:03:20.413+0000] {history.py:247} ERROR - $FTM-USD: possibly delisted; no price data found  (period=1d)
[2025-02-27T01:03:20.819+0000] {history.py:247} ERROR - $LUNA-USD: possibly delisted; no price data found  (period=1d)
[2025-02-27T01:03:22.211+0000] {history.py:247} ERROR - $GRT-USD: possibly delisted; no price data found  (period=1d)
[2025-02-27T01:03:24.976+0000] {python.py:240} INFO - Done. Returned value was: None
[2025-02-27T01:03:24.981+0000] {taskinstance.py:341} INFO - ::group::Post task execution logs
[2025-02-27T01:03:24.982+0000] {taskinstance.py:353} INFO - Marking task as SUCCESS. dag_id=crypto, task_id=fetch, run_id=scheduled__2025-02-26T00:00:00+00:00, execution_date=20250226T000000, start_date=20250227T010310, end_date=20250227T010324
[2025-02-27T01:03:25.033+0000] {local_task_job_runner.py:266} INFO - Task exited with return code 0
[2025-02-27T01:03:25.125+0000] {taskinstance.py:3901} INFO - 1 downstream tasks scheduled from follow-on schedule check
[2025-02-27T01:03:25.127+0000] {local_task_job_runner.py:245} INFO - ::endgroup::
[2025-02-27T01:25:10.516+0000] {local_task_job_runner.py:123} INFO - ::group::Pre task execution logs
[2025-02-27T01:25:10.526+0000] {taskinstance.py:2614} INFO - Dependencies all met for dep_context=non-requeueable deps ti=<TaskInstance: crypto.fetch scheduled__2025-02-26T00:00:00+00:00 [queued]>
[2025-02-27T01:25:10.531+0000] {taskinstance.py:2614} INFO - Dependencies all met for dep_context=requeueable deps ti=<TaskInstance: crypto.fetch scheduled__2025-02-26T00:00:00+00:00 [queued]>
[2025-02-27T01:25:10.531+0000] {taskinstance.py:2867} INFO - Starting attempt 1 of 2
[2025-02-27T01:25:10.541+0000] {taskinstance.py:2890} INFO - Executing <Task(PythonOperator): fetch> on 2025-02-26 00:00:00+00:00
[2025-02-27T01:25:10.545+0000] {standard_task_runner.py:72} INFO - Started process 3748415 to run task
[2025-02-27T01:25:10.547+0000] {standard_task_runner.py:104} INFO - Running: ['airflow', 'tasks', 'run', 'crypto', 'fetch', 'scheduled__2025-02-26T00:00:00+00:00', '--job-id', '59', '--raw', '--subdir', 'DAGS_FOLDER/crypto_dag.py', '--cfg-path', '/tmp/tmpi0tp6jtc']
[2025-02-27T01:25:10.548+0000] {standard_task_runner.py:105} INFO - Job 59: Subtask fetch
[2025-02-27T01:25:10.589+0000] {task_command.py:467} INFO - Running <TaskInstance: crypto.fetch scheduled__2025-02-26T00:00:00+00:00 [running]> on host ali-ThinkBook-14-G2-ITL
[2025-02-27T01:25:10.743+0000] {taskinstance.py:3134} INFO - Exporting env vars: AIRFLOW_CTX_DAG_OWNER='ali rahiqi' AIRFLOW_CTX_DAG_ID='crypto' AIRFLOW_CTX_TASK_ID='fetch' AIRFLOW_CTX_EXECUTION_DATE='2025-02-26T00:00:00+00:00' AIRFLOW_CTX_TRY_NUMBER='1' AIRFLOW_CTX_DAG_RUN_ID='scheduled__2025-02-26T00:00:00+00:00'
[2025-02-27T01:25:10.743+0000] {taskinstance.py:732} INFO - ::endgroup::
[2025-02-27T01:25:15.386+0000] {history.py:247} ERROR - $FTM-USD: possibly delisted; no price data found  (period=1d)
[2025-02-27T01:25:16.082+0000] {history.py:247} ERROR - $LUNA-USD: possibly delisted; no price data found  (period=1d)
[2025-02-27T01:25:17.388+0000] {history.py:247} ERROR - $GRT-USD: possibly delisted; no price data found  (period=1d)
[2025-02-27T01:25:20.856+0000] {python.py:240} INFO - Done. Returned value was: None
[2025-02-27T01:25:20.865+0000] {taskinstance.py:341} INFO - ::group::Post task execution logs
[2025-02-27T01:25:20.866+0000] {taskinstance.py:353} INFO - Marking task as SUCCESS. dag_id=crypto, task_id=fetch, run_id=scheduled__2025-02-26T00:00:00+00:00, execution_date=20250226T000000, start_date=20250227T012510, end_date=20250227T012520
[2025-02-27T01:25:20.929+0000] {local_task_job_runner.py:266} INFO - Task exited with return code 0
[2025-02-27T01:25:21.043+0000] {taskinstance.py:3901} INFO - 1 downstream tasks scheduled from follow-on schedule check
[2025-02-27T01:25:21.047+0000] {local_task_job_runner.py:245} INFO - ::endgroup::
[2025-02-27T01:31:22.448+0000] {local_task_job_runner.py:123} INFO - ::group::Pre task execution logs
[2025-02-27T01:31:22.458+0000] {taskinstance.py:2614} INFO - Dependencies all met for dep_context=non-requeueable deps ti=<TaskInstance: crypto.fetch scheduled__2025-02-26T00:00:00+00:00 [queued]>
[2025-02-27T01:31:22.463+0000] {taskinstance.py:2614} INFO - Dependencies all met for dep_context=requeueable deps ti=<TaskInstance: crypto.fetch scheduled__2025-02-26T00:00:00+00:00 [queued]>
[2025-02-27T01:31:22.463+0000] {taskinstance.py:2867} INFO - Starting attempt 1 of 2
[2025-02-27T01:31:22.472+0000] {taskinstance.py:2890} INFO - Executing <Task(PythonOperator): fetch> on 2025-02-26 00:00:00+00:00
[2025-02-27T01:31:22.476+0000] {standard_task_runner.py:72} INFO - Started process 3775592 to run task
[2025-02-27T01:31:22.478+0000] {standard_task_runner.py:104} INFO - Running: ['airflow', 'tasks', 'run', 'crypto', 'fetch', 'scheduled__2025-02-26T00:00:00+00:00', '--job-id', '62', '--raw', '--subdir', 'DAGS_FOLDER/crypto_dag.py', '--cfg-path', '/tmp/tmp6yon8q7q']
[2025-02-27T01:31:22.480+0000] {standard_task_runner.py:105} INFO - Job 62: Subtask fetch
[2025-02-27T01:31:22.514+0000] {task_command.py:467} INFO - Running <TaskInstance: crypto.fetch scheduled__2025-02-26T00:00:00+00:00 [running]> on host ali-ThinkBook-14-G2-ITL
[2025-02-27T01:31:22.698+0000] {taskinstance.py:3134} INFO - Exporting env vars: AIRFLOW_CTX_DAG_OWNER='ali rahiqi' AIRFLOW_CTX_DAG_ID='crypto' AIRFLOW_CTX_TASK_ID='fetch' AIRFLOW_CTX_EXECUTION_DATE='2025-02-26T00:00:00+00:00' AIRFLOW_CTX_TRY_NUMBER='1' AIRFLOW_CTX_DAG_RUN_ID='scheduled__2025-02-26T00:00:00+00:00'
[2025-02-27T01:31:22.698+0000] {taskinstance.py:732} INFO - ::endgroup::
[2025-02-27T01:31:28.079+0000] {history.py:247} ERROR - $FTM-USD: possibly delisted; no price data found  (period=1d)
[2025-02-27T01:31:28.592+0000] {history.py:247} ERROR - $LUNA-USD: possibly delisted; no price data found  (period=1d)
[2025-02-27T01:31:30.230+0000] {history.py:247} ERROR - $GRT-USD: possibly delisted; no price data found  (period=1d)
[2025-02-27T01:31:33.806+0000] {python.py:240} INFO - Done. Returned value was: None
[2025-02-27T01:31:33.813+0000] {taskinstance.py:341} INFO - ::group::Post task execution logs
[2025-02-27T01:31:33.814+0000] {taskinstance.py:353} INFO - Marking task as SUCCESS. dag_id=crypto, task_id=fetch, run_id=scheduled__2025-02-26T00:00:00+00:00, execution_date=20250226T000000, start_date=20250227T013122, end_date=20250227T013133
[2025-02-27T01:31:33.893+0000] {local_task_job_runner.py:266} INFO - Task exited with return code 0
[2025-02-27T01:31:34.016+0000] {taskinstance.py:3901} INFO - 1 downstream tasks scheduled from follow-on schedule check
[2025-02-27T01:31:34.027+0000] {local_task_job_runner.py:245} INFO - ::endgroup::
[2025-02-27T09:33:15.069+0000] {local_task_job_runner.py:123} INFO - ::group::Pre task execution logs
[2025-02-27T09:33:15.078+0000] {taskinstance.py:2614} INFO - Dependencies all met for dep_context=non-requeueable deps ti=<TaskInstance: crypto.fetch scheduled__2025-02-26T00:00:00+00:00 [queued]>
[2025-02-27T09:33:15.084+0000] {taskinstance.py:2614} INFO - Dependencies all met for dep_context=requeueable deps ti=<TaskInstance: crypto.fetch scheduled__2025-02-26T00:00:00+00:00 [queued]>
[2025-02-27T09:33:15.084+0000] {taskinstance.py:2867} INFO - Starting attempt 1 of 2
[2025-02-27T09:33:15.093+0000] {taskinstance.py:2890} INFO - Executing <Task(PythonOperator): fetch> on 2025-02-26 00:00:00+00:00
[2025-02-27T09:33:15.097+0000] {standard_task_runner.py:72} INFO - Started process 90474 to run task
[2025-02-27T09:33:15.098+0000] {standard_task_runner.py:104} INFO - Running: ['airflow', 'tasks', 'run', 'crypto', 'fetch', 'scheduled__2025-02-26T00:00:00+00:00', '--job-id', '67', '--raw', '--subdir', 'DAGS_FOLDER/crypto_dag.py', '--cfg-path', '/tmp/tmpm__ehid8']
[2025-02-27T09:33:15.099+0000] {standard_task_runner.py:105} INFO - Job 67: Subtask fetch
[2025-02-27T09:33:15.127+0000] {task_command.py:467} INFO - Running <TaskInstance: crypto.fetch scheduled__2025-02-26T00:00:00+00:00 [running]> on host ali-ThinkBook-14-G2-ITL
[2025-02-27T09:33:15.248+0000] {taskinstance.py:3134} INFO - Exporting env vars: AIRFLOW_CTX_DAG_OWNER='ali rahiqi' AIRFLOW_CTX_DAG_ID='crypto' AIRFLOW_CTX_TASK_ID='fetch' AIRFLOW_CTX_EXECUTION_DATE='2025-02-26T00:00:00+00:00' AIRFLOW_CTX_TRY_NUMBER='1' AIRFLOW_CTX_DAG_RUN_ID='scheduled__2025-02-26T00:00:00+00:00'
[2025-02-27T09:33:15.248+0000] {taskinstance.py:732} INFO - ::endgroup::
[2025-02-27T09:33:19.523+0000] {history.py:247} ERROR - $FTM-USD: possibly delisted; no price data found  (period=1d)
[2025-02-27T09:33:19.789+0000] {history.py:247} ERROR - $LUNA-USD: possibly delisted; no price data found  (period=1d)
[2025-02-27T09:33:20.449+0000] {history.py:247} ERROR - $GRT-USD: possibly delisted; no price data found  (period=1d)
[2025-02-27T09:33:25.365+0000] {python.py:240} INFO - Done. Returned value was: None
[2025-02-27T09:33:25.368+0000] {taskinstance.py:341} INFO - ::group::Post task execution logs
[2025-02-27T09:33:25.369+0000] {taskinstance.py:353} INFO - Marking task as SUCCESS. dag_id=crypto, task_id=fetch, run_id=scheduled__2025-02-26T00:00:00+00:00, execution_date=20250226T000000, start_date=20250227T093315, end_date=20250227T093325
[2025-02-27T09:33:25.386+0000] {local_task_job_runner.py:266} INFO - Task exited with return code 0
[2025-02-27T09:33:25.470+0000] {taskinstance.py:3901} INFO - 1 downstream tasks scheduled from follow-on schedule check
[2025-02-27T09:33:25.473+0000] {local_task_job_runner.py:245} INFO - ::endgroup::
[2025-02-27T09:41:08.193+0000] {local_task_job_runner.py:123} INFO - ::group::Pre task execution logs
[2025-02-27T09:41:08.203+0000] {taskinstance.py:2614} INFO - Dependencies all met for dep_context=non-requeueable deps ti=<TaskInstance: crypto.fetch scheduled__2025-02-26T00:00:00+00:00 [queued]>
[2025-02-27T09:41:08.208+0000] {taskinstance.py:2614} INFO - Dependencies all met for dep_context=requeueable deps ti=<TaskInstance: crypto.fetch scheduled__2025-02-26T00:00:00+00:00 [queued]>
[2025-02-27T09:41:08.208+0000] {taskinstance.py:2867} INFO - Starting attempt 1 of 2
[2025-02-27T09:41:08.217+0000] {taskinstance.py:2890} INFO - Executing <Task(PythonOperator): fetch> on 2025-02-26 00:00:00+00:00
[2025-02-27T09:41:08.220+0000] {standard_task_runner.py:72} INFO - Started process 129198 to run task
[2025-02-27T09:41:08.223+0000] {standard_task_runner.py:104} INFO - Running: ['airflow', 'tasks', 'run', 'crypto', 'fetch', 'scheduled__2025-02-26T00:00:00+00:00', '--job-id', '71', '--raw', '--subdir', 'DAGS_FOLDER/crypto_dag.py', '--cfg-path', '/tmp/tmp3quq1fs1']
[2025-02-27T09:41:08.224+0000] {standard_task_runner.py:105} INFO - Job 71: Subtask fetch
[2025-02-27T09:41:08.248+0000] {task_command.py:467} INFO - Running <TaskInstance: crypto.fetch scheduled__2025-02-26T00:00:00+00:00 [running]> on host ali-ThinkBook-14-G2-ITL
[2025-02-27T09:41:08.377+0000] {taskinstance.py:3134} INFO - Exporting env vars: AIRFLOW_CTX_DAG_OWNER='ali rahiqi' AIRFLOW_CTX_DAG_ID='crypto' AIRFLOW_CTX_TASK_ID='fetch' AIRFLOW_CTX_EXECUTION_DATE='2025-02-26T00:00:00+00:00' AIRFLOW_CTX_TRY_NUMBER='1' AIRFLOW_CTX_DAG_RUN_ID='scheduled__2025-02-26T00:00:00+00:00'
[2025-02-27T09:41:08.378+0000] {taskinstance.py:732} INFO - ::endgroup::
[2025-02-27T09:41:12.523+0000] {history.py:247} ERROR - $FTM-USD: possibly delisted; no price data found  (period=1d)
[2025-02-27T09:41:12.843+0000] {history.py:247} ERROR - $LUNA-USD: possibly delisted; no price data found  (period=1d)
[2025-02-27T09:41:13.797+0000] {history.py:247} ERROR - $GRT-USD: possibly delisted; no price data found  (period=1d)
[2025-02-27T09:41:17.424+0000] {python.py:240} INFO - Done. Returned value was: None
[2025-02-27T09:41:17.427+0000] {taskinstance.py:341} INFO - ::group::Post task execution logs
[2025-02-27T09:41:17.427+0000] {taskinstance.py:353} INFO - Marking task as SUCCESS. dag_id=crypto, task_id=fetch, run_id=scheduled__2025-02-26T00:00:00+00:00, execution_date=20250226T000000, start_date=20250227T094108, end_date=20250227T094117
[2025-02-27T09:41:17.445+0000] {standard_task_runner.py:124} ERROR - Failed to execute job 71 for task fetch (No row was found when one was required; 129198)
Traceback (most recent call last):
  File "/home/ali/Desktop/crypto/myenv/lib/python3.12/site-packages/airflow/task/task_runner/standard_task_runner.py", line 117, in _start_by_fork
    ret = args.func(args, dag=self.dag)
          ^^^^^^^^^^^^^^^^^^^^^^^^^^^^^
  File "/home/ali/Desktop/crypto/myenv/lib/python3.12/site-packages/airflow/cli/cli_config.py", line 49, in command
    return func(*args, **kwargs)
           ^^^^^^^^^^^^^^^^^^^^^
  File "/home/ali/Desktop/crypto/myenv/lib/python3.12/site-packages/airflow/utils/cli.py", line 116, in wrapper
    return f(*args, **kwargs)
           ^^^^^^^^^^^^^^^^^^
  File "/home/ali/Desktop/crypto/myenv/lib/python3.12/site-packages/airflow/cli/commands/task_command.py", line 483, in task_run
    task_return_code = _run_task_by_selected_method(args, _dag, ti)
                       ^^^^^^^^^^^^^^^^^^^^^^^^^^^^^^^^^^^^^^^^^^^^
  File "/home/ali/Desktop/crypto/myenv/lib/python3.12/site-packages/airflow/cli/commands/task_command.py", line 256, in _run_task_by_selected_method
    return _run_raw_task(args, ti)
           ^^^^^^^^^^^^^^^^^^^^^^^
  File "/home/ali/Desktop/crypto/myenv/lib/python3.12/site-packages/airflow/cli/commands/task_command.py", line 341, in _run_raw_task
    return ti._run_raw_task(
           ^^^^^^^^^^^^^^^^^
  File "/home/ali/Desktop/crypto/myenv/lib/python3.12/site-packages/airflow/utils/session.py", line 97, in wrapper
    return func(*args, session=session, **kwargs)
           ^^^^^^^^^^^^^^^^^^^^^^^^^^^^^^^^^^^^^^
  File "/home/ali/Desktop/crypto/myenv/lib/python3.12/site-packages/airflow/models/taskinstance.py", line 3006, in _run_raw_task
    return _run_raw_task(
           ^^^^^^^^^^^^^^
  File "/home/ali/Desktop/crypto/myenv/lib/python3.12/site-packages/airflow/models/taskinstance.py", line 366, in _run_raw_task
    TaskInstance.save_to_db(ti=ti, session=session)
  File "/home/ali/Desktop/crypto/myenv/lib/python3.12/site-packages/airflow/api_internal/internal_api_call.py", line 166, in wrapper
    return func(*args, **kwargs)
           ^^^^^^^^^^^^^^^^^^^^^
  File "/home/ali/Desktop/crypto/myenv/lib/python3.12/site-packages/airflow/utils/session.py", line 94, in wrapper
    return func(*args, **kwargs)
           ^^^^^^^^^^^^^^^^^^^^^
  File "/home/ali/Desktop/crypto/myenv/lib/python3.12/site-packages/airflow/models/taskinstance.py", line 3402, in save_to_db
    ti.get_dagrun().refresh_from_db()
  File "/home/ali/Desktop/crypto/myenv/lib/python3.12/site-packages/airflow/utils/session.py", line 97, in wrapper
    return func(*args, session=session, **kwargs)
           ^^^^^^^^^^^^^^^^^^^^^^^^^^^^^^^^^^^^^^
  File "/home/ali/Desktop/crypto/myenv/lib/python3.12/site-packages/airflow/models/dagrun.py", line 361, in refresh_from_db
    ).one()
      ^^^^^
  File "/home/ali/Desktop/crypto/myenv/lib/python3.12/site-packages/sqlalchemy/engine/result.py", line 1522, in one
    return self._only_one_row(
           ^^^^^^^^^^^^^^^^^^^
  File "/home/ali/Desktop/crypto/myenv/lib/python3.12/site-packages/sqlalchemy/engine/result.py", line 562, in _only_one_row
    raise exc.NoResultFound(
sqlalchemy.exc.NoResultFound: No row was found when one was required
[2025-02-27T09:41:17.485+0000] {local_task_job_runner.py:266} INFO - Task exited with return code 1
[2025-02-27T09:41:17.488+0000] {local_task_job_runner.py:245} INFO - ::endgroup::
[2025-02-27T09:41:40.029+0000] {local_task_job_runner.py:123} INFO - ::group::Pre task execution logs
[2025-02-27T09:41:40.040+0000] {taskinstance.py:2614} INFO - Dependencies all met for dep_context=non-requeueable deps ti=<TaskInstance: crypto.fetch scheduled__2025-02-26T00:00:00+00:00 [queued]>
[2025-02-27T09:41:40.045+0000] {taskinstance.py:2614} INFO - Dependencies all met for dep_context=requeueable deps ti=<TaskInstance: crypto.fetch scheduled__2025-02-26T00:00:00+00:00 [queued]>
[2025-02-27T09:41:40.045+0000] {taskinstance.py:2867} INFO - Starting attempt 1 of 2
[2025-02-27T09:41:40.053+0000] {taskinstance.py:2890} INFO - Executing <Task(PythonOperator): fetch> on 2025-02-26 00:00:00+00:00
[2025-02-27T09:41:40.057+0000] {standard_task_runner.py:72} INFO - Started process 132120 to run task
[2025-02-27T09:41:40.059+0000] {standard_task_runner.py:104} INFO - Running: ['airflow', 'tasks', 'run', 'crypto', 'fetch', 'scheduled__2025-02-26T00:00:00+00:00', '--job-id', '73', '--raw', '--subdir', 'DAGS_FOLDER/crypto_dag.py', '--cfg-path', '/tmp/tmp5dhcx85v']
[2025-02-27T09:41:40.060+0000] {standard_task_runner.py:105} INFO - Job 73: Subtask fetch
[2025-02-27T09:41:40.083+0000] {task_command.py:467} INFO - Running <TaskInstance: crypto.fetch scheduled__2025-02-26T00:00:00+00:00 [running]> on host ali-ThinkBook-14-G2-ITL
[2025-02-27T09:41:40.198+0000] {taskinstance.py:3134} INFO - Exporting env vars: AIRFLOW_CTX_DAG_OWNER='ali rahiqi' AIRFLOW_CTX_DAG_ID='crypto' AIRFLOW_CTX_TASK_ID='fetch' AIRFLOW_CTX_EXECUTION_DATE='2025-02-26T00:00:00+00:00' AIRFLOW_CTX_TRY_NUMBER='1' AIRFLOW_CTX_DAG_RUN_ID='scheduled__2025-02-26T00:00:00+00:00'
[2025-02-27T09:41:40.199+0000] {taskinstance.py:732} INFO - ::endgroup::
[2025-02-27T09:41:44.373+0000] {history.py:247} ERROR - $FTM-USD: possibly delisted; no price data found  (period=1d)
[2025-02-27T09:41:44.716+0000] {history.py:247} ERROR - $LUNA-USD: possibly delisted; no price data found  (period=1d)
[2025-02-27T09:41:45.704+0000] {history.py:247} ERROR - $GRT-USD: possibly delisted; no price data found  (period=1d)
[2025-02-27T09:41:49.222+0000] {python.py:240} INFO - Done. Returned value was: None
[2025-02-27T09:41:49.226+0000] {taskinstance.py:341} INFO - ::group::Post task execution logs
[2025-02-27T09:41:49.226+0000] {taskinstance.py:353} INFO - Marking task as SUCCESS. dag_id=crypto, task_id=fetch, run_id=scheduled__2025-02-26T00:00:00+00:00, execution_date=20250226T000000, start_date=20250227T094140, end_date=20250227T094149
[2025-02-27T09:41:49.265+0000] {local_task_job_runner.py:266} INFO - Task exited with return code 0
[2025-02-27T09:41:49.350+0000] {taskinstance.py:3901} INFO - 1 downstream tasks scheduled from follow-on schedule check
[2025-02-27T09:41:49.361+0000] {local_task_job_runner.py:245} INFO - ::endgroup::
[2025-02-27T10:05:23.473+0000] {local_task_job_runner.py:123} INFO - ::group::Pre task execution logs
[2025-02-27T10:05:23.486+0000] {taskinstance.py:2614} INFO - Dependencies all met for dep_context=non-requeueable deps ti=<TaskInstance: crypto.fetch scheduled__2025-02-26T00:00:00+00:00 [queued]>
[2025-02-27T10:05:23.492+0000] {taskinstance.py:2614} INFO - Dependencies all met for dep_context=requeueable deps ti=<TaskInstance: crypto.fetch scheduled__2025-02-26T00:00:00+00:00 [queued]>
[2025-02-27T10:05:23.493+0000] {taskinstance.py:2867} INFO - Starting attempt 1 of 2
[2025-02-27T10:05:23.502+0000] {taskinstance.py:2890} INFO - Executing <Task(PythonOperator): fetch> on 2025-02-26 00:00:00+00:00
[2025-02-27T10:05:23.506+0000] {standard_task_runner.py:72} INFO - Started process 242998 to run task
[2025-02-27T10:05:23.508+0000] {standard_task_runner.py:104} INFO - Running: ['airflow', 'tasks', 'run', 'crypto', 'fetch', 'scheduled__2025-02-26T00:00:00+00:00', '--job-id', '78', '--raw', '--subdir', 'DAGS_FOLDER/crypto_dag.py', '--cfg-path', '/tmp/tmptney6fme']
[2025-02-27T10:05:23.509+0000] {standard_task_runner.py:105} INFO - Job 78: Subtask fetch
[2025-02-27T10:05:23.532+0000] {task_command.py:467} INFO - Running <TaskInstance: crypto.fetch scheduled__2025-02-26T00:00:00+00:00 [running]> on host ali-ThinkBook-14-G2-ITL
[2025-02-27T10:05:23.641+0000] {taskinstance.py:3134} INFO - Exporting env vars: AIRFLOW_CTX_DAG_OWNER='ali rahiqi' AIRFLOW_CTX_DAG_ID='crypto' AIRFLOW_CTX_TASK_ID='fetch' AIRFLOW_CTX_EXECUTION_DATE='2025-02-26T00:00:00+00:00' AIRFLOW_CTX_TRY_NUMBER='1' AIRFLOW_CTX_DAG_RUN_ID='scheduled__2025-02-26T00:00:00+00:00'
[2025-02-27T10:05:23.642+0000] {taskinstance.py:732} INFO - ::endgroup::
[2025-02-27T10:05:32.800+0000] {history.py:247} ERROR - $FTM-USD: possibly delisted; no price data found  (period=1d)
[2025-02-27T10:05:33.210+0000] {history.py:247} ERROR - $LUNA-USD: possibly delisted; no price data found  (period=1d)
[2025-02-27T10:05:33.926+0000] {history.py:247} ERROR - $GRT-USD: possibly delisted; no price data found  (period=1d)
[2025-02-27T10:05:37.113+0000] {python.py:240} INFO - Done. Returned value was: None
[2025-02-27T10:05:37.118+0000] {taskinstance.py:341} INFO - ::group::Post task execution logs
[2025-02-27T10:05:37.119+0000] {taskinstance.py:353} INFO - Marking task as SUCCESS. dag_id=crypto, task_id=fetch, run_id=scheduled__2025-02-26T00:00:00+00:00, execution_date=20250226T000000, start_date=20250227T100523, end_date=20250227T100537
[2025-02-27T10:05:37.178+0000] {local_task_job_runner.py:266} INFO - Task exited with return code 0
[2025-02-27T10:05:37.260+0000] {taskinstance.py:3901} INFO - 1 downstream tasks scheduled from follow-on schedule check
[2025-02-27T10:05:37.271+0000] {local_task_job_runner.py:245} INFO - ::endgroup::
[2025-02-27T10:18:12.087+0000] {local_task_job_runner.py:123} INFO - ::group::Pre task execution logs
[2025-02-27T10:18:12.096+0000] {taskinstance.py:2614} INFO - Dependencies all met for dep_context=non-requeueable deps ti=<TaskInstance: crypto.fetch scheduled__2025-02-26T00:00:00+00:00 [queued]>
[2025-02-27T10:18:12.100+0000] {taskinstance.py:2614} INFO - Dependencies all met for dep_context=requeueable deps ti=<TaskInstance: crypto.fetch scheduled__2025-02-26T00:00:00+00:00 [queued]>
[2025-02-27T10:18:12.100+0000] {taskinstance.py:2867} INFO - Starting attempt 1 of 2
[2025-02-27T10:18:12.110+0000] {taskinstance.py:2890} INFO - Executing <Task(PythonOperator): fetch> on 2025-02-26 00:00:00+00:00
[2025-02-27T10:18:12.113+0000] {standard_task_runner.py:72} INFO - Started process 303229 to run task
[2025-02-27T10:18:12.114+0000] {standard_task_runner.py:104} INFO - Running: ['airflow', 'tasks', 'run', 'crypto', 'fetch', 'scheduled__2025-02-26T00:00:00+00:00', '--job-id', '82', '--raw', '--subdir', 'DAGS_FOLDER/crypto_dag.py', '--cfg-path', '/tmp/tmp06kro3g7']
[2025-02-27T10:18:12.116+0000] {standard_task_runner.py:105} INFO - Job 82: Subtask fetch
[2025-02-27T10:18:12.138+0000] {task_command.py:467} INFO - Running <TaskInstance: crypto.fetch scheduled__2025-02-26T00:00:00+00:00 [running]> on host ali-ThinkBook-14-G2-ITL
[2025-02-27T10:18:12.256+0000] {taskinstance.py:3134} INFO - Exporting env vars: AIRFLOW_CTX_DAG_OWNER='ali rahiqi' AIRFLOW_CTX_DAG_ID='crypto' AIRFLOW_CTX_TASK_ID='fetch' AIRFLOW_CTX_EXECUTION_DATE='2025-02-26T00:00:00+00:00' AIRFLOW_CTX_TRY_NUMBER='1' AIRFLOW_CTX_DAG_RUN_ID='scheduled__2025-02-26T00:00:00+00:00'
[2025-02-27T10:18:12.256+0000] {taskinstance.py:732} INFO - ::endgroup::
[2025-02-27T10:18:20.450+0000] {python.py:240} INFO - Done. Returned value was: None
[2025-02-27T10:18:20.453+0000] {taskinstance.py:341} INFO - ::group::Post task execution logs
[2025-02-27T10:18:20.453+0000] {taskinstance.py:353} INFO - Marking task as SUCCESS. dag_id=crypto, task_id=fetch, run_id=scheduled__2025-02-26T00:00:00+00:00, execution_date=20250226T000000, start_date=20250227T101812, end_date=20250227T101820
[2025-02-27T10:18:20.465+0000] {standard_task_runner.py:124} ERROR - Failed to execute job 82 for task fetch (No row was found when one was required; 303229)
Traceback (most recent call last):
  File "/home/ali/Desktop/crypto/myenv/lib/python3.12/site-packages/airflow/task/task_runner/standard_task_runner.py", line 117, in _start_by_fork
    ret = args.func(args, dag=self.dag)
          ^^^^^^^^^^^^^^^^^^^^^^^^^^^^^
  File "/home/ali/Desktop/crypto/myenv/lib/python3.12/site-packages/airflow/cli/cli_config.py", line 49, in command
    return func(*args, **kwargs)
           ^^^^^^^^^^^^^^^^^^^^^
  File "/home/ali/Desktop/crypto/myenv/lib/python3.12/site-packages/airflow/utils/cli.py", line 116, in wrapper
    return f(*args, **kwargs)
           ^^^^^^^^^^^^^^^^^^
  File "/home/ali/Desktop/crypto/myenv/lib/python3.12/site-packages/airflow/cli/commands/task_command.py", line 483, in task_run
    task_return_code = _run_task_by_selected_method(args, _dag, ti)
                       ^^^^^^^^^^^^^^^^^^^^^^^^^^^^^^^^^^^^^^^^^^^^
  File "/home/ali/Desktop/crypto/myenv/lib/python3.12/site-packages/airflow/cli/commands/task_command.py", line 256, in _run_task_by_selected_method
    return _run_raw_task(args, ti)
           ^^^^^^^^^^^^^^^^^^^^^^^
  File "/home/ali/Desktop/crypto/myenv/lib/python3.12/site-packages/airflow/cli/commands/task_command.py", line 341, in _run_raw_task
    return ti._run_raw_task(
           ^^^^^^^^^^^^^^^^^
  File "/home/ali/Desktop/crypto/myenv/lib/python3.12/site-packages/airflow/utils/session.py", line 97, in wrapper
    return func(*args, session=session, **kwargs)
           ^^^^^^^^^^^^^^^^^^^^^^^^^^^^^^^^^^^^^^
  File "/home/ali/Desktop/crypto/myenv/lib/python3.12/site-packages/airflow/models/taskinstance.py", line 3006, in _run_raw_task
    return _run_raw_task(
           ^^^^^^^^^^^^^^
  File "/home/ali/Desktop/crypto/myenv/lib/python3.12/site-packages/airflow/models/taskinstance.py", line 366, in _run_raw_task
    TaskInstance.save_to_db(ti=ti, session=session)
  File "/home/ali/Desktop/crypto/myenv/lib/python3.12/site-packages/airflow/api_internal/internal_api_call.py", line 166, in wrapper
    return func(*args, **kwargs)
           ^^^^^^^^^^^^^^^^^^^^^
  File "/home/ali/Desktop/crypto/myenv/lib/python3.12/site-packages/airflow/utils/session.py", line 94, in wrapper
    return func(*args, **kwargs)
           ^^^^^^^^^^^^^^^^^^^^^
  File "/home/ali/Desktop/crypto/myenv/lib/python3.12/site-packages/airflow/models/taskinstance.py", line 3402, in save_to_db
    ti.get_dagrun().refresh_from_db()
  File "/home/ali/Desktop/crypto/myenv/lib/python3.12/site-packages/airflow/utils/session.py", line 97, in wrapper
    return func(*args, session=session, **kwargs)
           ^^^^^^^^^^^^^^^^^^^^^^^^^^^^^^^^^^^^^^
  File "/home/ali/Desktop/crypto/myenv/lib/python3.12/site-packages/airflow/models/dagrun.py", line 361, in refresh_from_db
    ).one()
      ^^^^^
  File "/home/ali/Desktop/crypto/myenv/lib/python3.12/site-packages/sqlalchemy/engine/result.py", line 1522, in one
    return self._only_one_row(
           ^^^^^^^^^^^^^^^^^^^
  File "/home/ali/Desktop/crypto/myenv/lib/python3.12/site-packages/sqlalchemy/engine/result.py", line 562, in _only_one_row
    raise exc.NoResultFound(
sqlalchemy.exc.NoResultFound: No row was found when one was required
[2025-02-27T10:18:20.504+0000] {local_task_job_runner.py:266} INFO - Task exited with return code 1
[2025-02-27T10:18:20.507+0000] {local_task_job_runner.py:245} INFO - ::endgroup::
[2025-02-27T10:18:42.955+0000] {local_task_job_runner.py:123} INFO - ::group::Pre task execution logs
[2025-02-27T10:18:42.964+0000] {taskinstance.py:2614} INFO - Dependencies all met for dep_context=non-requeueable deps ti=<TaskInstance: crypto.fetch scheduled__2025-02-26T00:00:00+00:00 [queued]>
[2025-02-27T10:18:42.968+0000] {taskinstance.py:2614} INFO - Dependencies all met for dep_context=requeueable deps ti=<TaskInstance: crypto.fetch scheduled__2025-02-26T00:00:00+00:00 [queued]>
[2025-02-27T10:18:42.968+0000] {taskinstance.py:2867} INFO - Starting attempt 1 of 2
[2025-02-27T10:18:42.977+0000] {taskinstance.py:2890} INFO - Executing <Task(PythonOperator): fetch> on 2025-02-26 00:00:00+00:00
[2025-02-27T10:18:42.981+0000] {standard_task_runner.py:72} INFO - Started process 305847 to run task
[2025-02-27T10:18:42.983+0000] {standard_task_runner.py:104} INFO - Running: ['airflow', 'tasks', 'run', 'crypto', 'fetch', 'scheduled__2025-02-26T00:00:00+00:00', '--job-id', '83', '--raw', '--subdir', 'DAGS_FOLDER/crypto_dag.py', '--cfg-path', '/tmp/tmpqk9e6kr9']
[2025-02-27T10:18:42.983+0000] {standard_task_runner.py:105} INFO - Job 83: Subtask fetch
[2025-02-27T10:18:43.005+0000] {task_command.py:467} INFO - Running <TaskInstance: crypto.fetch scheduled__2025-02-26T00:00:00+00:00 [running]> on host ali-ThinkBook-14-G2-ITL
[2025-02-27T10:18:43.116+0000] {taskinstance.py:3134} INFO - Exporting env vars: AIRFLOW_CTX_DAG_OWNER='ali rahiqi' AIRFLOW_CTX_DAG_ID='crypto' AIRFLOW_CTX_TASK_ID='fetch' AIRFLOW_CTX_EXECUTION_DATE='2025-02-26T00:00:00+00:00' AIRFLOW_CTX_TRY_NUMBER='1' AIRFLOW_CTX_DAG_RUN_ID='scheduled__2025-02-26T00:00:00+00:00'
[2025-02-27T10:18:43.117+0000] {taskinstance.py:732} INFO - ::endgroup::
[2025-02-27T10:18:51.096+0000] {python.py:240} INFO - Done. Returned value was: None
[2025-02-27T10:18:51.100+0000] {taskinstance.py:341} INFO - ::group::Post task execution logs
[2025-02-27T10:18:51.100+0000] {taskinstance.py:353} INFO - Marking task as SUCCESS. dag_id=crypto, task_id=fetch, run_id=scheduled__2025-02-26T00:00:00+00:00, execution_date=20250226T000000, start_date=20250227T101842, end_date=20250227T101851
[2025-02-27T10:18:51.143+0000] {local_task_job_runner.py:266} INFO - Task exited with return code 0
[2025-02-27T10:18:51.233+0000] {taskinstance.py:3901} INFO - 1 downstream tasks scheduled from follow-on schedule check
[2025-02-27T10:18:51.244+0000] {local_task_job_runner.py:245} INFO - ::endgroup::
[2025-02-27T11:06:34.023+0000] {local_task_job_runner.py:123} INFO - ::group::Pre task execution logs
[2025-02-27T11:06:34.031+0000] {taskinstance.py:2614} INFO - Dependencies all met for dep_context=non-requeueable deps ti=<TaskInstance: crypto.fetch scheduled__2025-02-26T00:00:00+00:00 [queued]>
[2025-02-27T11:06:34.036+0000] {taskinstance.py:2614} INFO - Dependencies all met for dep_context=requeueable deps ti=<TaskInstance: crypto.fetch scheduled__2025-02-26T00:00:00+00:00 [queued]>
[2025-02-27T11:06:34.036+0000] {taskinstance.py:2867} INFO - Starting attempt 1 of 2
[2025-02-27T11:06:34.047+0000] {taskinstance.py:2890} INFO - Executing <Task(PythonOperator): fetch> on 2025-02-26 00:00:00+00:00
[2025-02-27T11:06:34.051+0000] {standard_task_runner.py:72} INFO - Started process 522511 to run task
[2025-02-27T11:06:34.053+0000] {standard_task_runner.py:104} INFO - Running: ['airflow', 'tasks', 'run', 'crypto', 'fetch', 'scheduled__2025-02-26T00:00:00+00:00', '--job-id', '86', '--raw', '--subdir', 'DAGS_FOLDER/crypto_dag.py', '--cfg-path', '/tmp/tmprb8dmg7c']
[2025-02-27T11:06:34.054+0000] {standard_task_runner.py:105} INFO - Job 86: Subtask fetch
[2025-02-27T11:06:34.085+0000] {task_command.py:467} INFO - Running <TaskInstance: crypto.fetch scheduled__2025-02-26T00:00:00+00:00 [running]> on host ali-ThinkBook-14-G2-ITL
[2025-02-27T11:06:34.248+0000] {taskinstance.py:3134} INFO - Exporting env vars: AIRFLOW_CTX_DAG_OWNER='ali rahiqi' AIRFLOW_CTX_DAG_ID='crypto' AIRFLOW_CTX_TASK_ID='fetch' AIRFLOW_CTX_EXECUTION_DATE='2025-02-26T00:00:00+00:00' AIRFLOW_CTX_TRY_NUMBER='1' AIRFLOW_CTX_DAG_RUN_ID='scheduled__2025-02-26T00:00:00+00:00'
[2025-02-27T11:06:34.248+0000] {taskinstance.py:732} INFO - ::endgroup::
[2025-02-27T11:06:41.420+0000] {python.py:240} INFO - Done. Returned value was: None
[2025-02-27T11:06:41.423+0000] {taskinstance.py:341} INFO - ::group::Post task execution logs
[2025-02-27T11:06:41.424+0000] {taskinstance.py:353} INFO - Marking task as SUCCESS. dag_id=crypto, task_id=fetch, run_id=scheduled__2025-02-26T00:00:00+00:00, execution_date=20250226T000000, start_date=20250227T110634, end_date=20250227T110641
[2025-02-27T11:06:41.463+0000] {local_task_job_runner.py:266} INFO - Task exited with return code 0
[2025-02-27T11:06:41.549+0000] {taskinstance.py:3901} INFO - 1 downstream tasks scheduled from follow-on schedule check
[2025-02-27T11:06:41.563+0000] {local_task_job_runner.py:245} INFO - ::endgroup::
