[2025-02-27T09:33:43.649+0000] {local_task_job_runner.py:123} INFO - ::group::Pre task execution logs
[2025-02-27T09:33:43.661+0000] {taskinstance.py:2614} INFO - Dependencies all met for dep_context=non-requeueable deps ti=<TaskInstance: crypto.fetch manual__2025-02-27T09:33:40.475730+00:00 [queued]>
[2025-02-27T09:33:43.666+0000] {taskinstance.py:2614} INFO - Dependencies all met for dep_context=requeueable deps ti=<TaskInstance: crypto.fetch manual__2025-02-27T09:33:40.475730+00:00 [queued]>
[2025-02-27T09:33:43.667+0000] {taskinstance.py:2867} INFO - Starting attempt 1 of 2
[2025-02-27T09:33:43.683+0000] {taskinstance.py:2890} INFO - Executing <Task(PythonOperator): fetch> on 2025-02-27 09:33:40.475730+00:00
[2025-02-27T09:33:43.687+0000] {standard_task_runner.py:72} INFO - Started process 93000 to run task
[2025-02-27T09:33:43.690+0000] {standard_task_runner.py:104} INFO - Running: ['airflow', 'tasks', 'run', 'crypto', 'fetch', 'manual__2025-02-27T09:33:40.475730+00:00', '--job-id', '69', '--raw', '--subdir', 'DAGS_FOLDER/crypto_dag.py', '--cfg-path', '/tmp/tmpzdrv_yuf']
[2025-02-27T09:33:43.692+0000] {standard_task_runner.py:105} INFO - Job 69: Subtask fetch
[2025-02-27T09:33:43.716+0000] {task_command.py:467} INFO - Running <TaskInstance: crypto.fetch manual__2025-02-27T09:33:40.475730+00:00 [running]> on host ali-ThinkBook-14-G2-ITL
[2025-02-27T09:33:43.831+0000] {taskinstance.py:3134} INFO - Exporting env vars: AIRFLOW_CTX_DAG_OWNER='ali rahiqi' AIRFLOW_CTX_DAG_ID='crypto' AIRFLOW_CTX_TASK_ID='fetch' AIRFLOW_CTX_EXECUTION_DATE='2025-02-27T09:33:40.475730+00:00' AIRFLOW_CTX_TRY_NUMBER='1' AIRFLOW_CTX_DAG_RUN_ID='manual__2025-02-27T09:33:40.475730+00:00'
[2025-02-27T09:33:43.831+0000] {taskinstance.py:732} INFO - ::endgroup::
[2025-02-27T09:33:48.414+0000] {history.py:247} ERROR - $FTM-USD: possibly delisted; no price data found  (period=1d)
[2025-02-27T09:33:48.822+0000] {history.py:247} ERROR - $LUNA-USD: possibly delisted; no price data found  (period=1d)
[2025-02-27T09:33:49.946+0000] {history.py:247} ERROR - $GRT-USD: possibly delisted; no price data found  (period=1d)
[2025-02-27T09:33:53.608+0000] {python.py:240} INFO - Done. Returned value was: None
[2025-02-27T09:33:53.613+0000] {taskinstance.py:341} INFO - ::group::Post task execution logs
[2025-02-27T09:33:53.613+0000] {taskinstance.py:353} INFO - Marking task as SUCCESS. dag_id=crypto, task_id=fetch, run_id=manual__2025-02-27T09:33:40.475730+00:00, execution_date=20250227T093340, start_date=20250227T093343, end_date=20250227T093353
[2025-02-27T09:33:53.663+0000] {local_task_job_runner.py:266} INFO - Task exited with return code 0
[2025-02-27T09:33:53.742+0000] {standard_task_runner.py:217} INFO - Process not found (most likely exited), stop collecting metrics
[2025-02-27T09:33:53.749+0000] {taskinstance.py:3901} INFO - 0 downstream tasks scheduled from follow-on schedule check
[2025-02-27T09:33:53.749+0000] {local_task_job_runner.py:245} INFO - ::endgroup::
