[2025-02-27T09:41:28.695+0000] {local_task_job_runner.py:123} INFO - ::group::Pre task execution logs
[2025-02-27T09:41:28.707+0000] {taskinstance.py:2614} INFO - Dependencies all met for dep_context=non-requeueable deps ti=<TaskInstance: crypto.fetch manual__2025-02-27T09:41:25.629232+00:00 [queued]>
[2025-02-27T09:41:28.712+0000] {taskinstance.py:2614} INFO - Dependencies all met for dep_context=requeueable deps ti=<TaskInstance: crypto.fetch manual__2025-02-27T09:41:25.629232+00:00 [queued]>
[2025-02-27T09:41:28.712+0000] {taskinstance.py:2867} INFO - Starting attempt 1 of 2
[2025-02-27T09:41:28.721+0000] {taskinstance.py:2890} INFO - Executing <Task(PythonOperator): fetch> on 2025-02-27 09:41:25.629232+00:00
[2025-02-27T09:41:28.725+0000] {standard_task_runner.py:72} INFO - Started process 131016 to run task
[2025-02-27T09:41:28.726+0000] {standard_task_runner.py:104} INFO - Running: ['airflow', 'tasks', 'run', 'crypto', 'fetch', 'manual__2025-02-27T09:41:25.629232+00:00', '--job-id', '72', '--raw', '--subdir', 'DAGS_FOLDER/crypto_dag.py', '--cfg-path', '/tmp/tmp7pthjuab']
[2025-02-27T09:41:28.727+0000] {standard_task_runner.py:105} INFO - Job 72: Subtask fetch
[2025-02-27T09:41:28.753+0000] {task_command.py:467} INFO - Running <TaskInstance: crypto.fetch manual__2025-02-27T09:41:25.629232+00:00 [running]> on host ali-ThinkBook-14-G2-ITL
[2025-02-27T09:41:28.873+0000] {taskinstance.py:3134} INFO - Exporting env vars: AIRFLOW_CTX_DAG_OWNER='ali rahiqi' AIRFLOW_CTX_DAG_ID='crypto' AIRFLOW_CTX_TASK_ID='fetch' AIRFLOW_CTX_EXECUTION_DATE='2025-02-27T09:41:25.629232+00:00' AIRFLOW_CTX_TRY_NUMBER='1' AIRFLOW_CTX_DAG_RUN_ID='manual__2025-02-27T09:41:25.629232+00:00'
[2025-02-27T09:41:28.874+0000] {taskinstance.py:732} INFO - ::endgroup::
[2025-02-27T09:41:32.548+0000] {history.py:247} ERROR - $FTM-USD: possibly delisted; no price data found  (period=1d)
[2025-02-27T09:41:32.904+0000] {history.py:247} ERROR - $LUNA-USD: possibly delisted; no price data found  (period=1d)
[2025-02-27T09:41:33.929+0000] {history.py:247} ERROR - $GRT-USD: possibly delisted; no price data found  (period=1d)
[2025-02-27T09:41:37.502+0000] {python.py:240} INFO - Done. Returned value was: None
[2025-02-27T09:41:37.510+0000] {taskinstance.py:341} INFO - ::group::Post task execution logs
[2025-02-27T09:41:37.511+0000] {taskinstance.py:353} INFO - Marking task as SUCCESS. dag_id=crypto, task_id=fetch, run_id=manual__2025-02-27T09:41:25.629232+00:00, execution_date=20250227T094125, start_date=20250227T094128, end_date=20250227T094137
[2025-02-27T09:41:37.568+0000] {local_task_job_runner.py:266} INFO - Task exited with return code 0
[2025-02-27T09:41:37.652+0000] {taskinstance.py:3901} INFO - 1 downstream tasks scheduled from follow-on schedule check
[2025-02-27T09:41:37.669+0000] {local_task_job_runner.py:245} INFO - ::endgroup::
